
  .   ____          _            __ _ _
 /\\ / ___'_ __ _ _(_)_ __  __ _ \ \ \ \
( ( )\___ | '_ | '_| | '_ \/ _` | \ \ \ \
 \\/  ___)| |_)| | | | | || (_| |  ) ) ) )
  '  |____| .__|_| |_|_| |_\__, | / / / /
 =========|_|==============|___/=/_/_/_/

 :: Spring Boot ::                (v4.0.3)

2026-04-08T15:30:45.376+01:00  INFO 22620 --- [projet_full_stack_2] [           main] m.f.p.ProjetFullStack2Application        : Starting ProjetFullStack2Application v0.0.1-SNAPSHOT using Java 25.0.1 with PID 22620 (C:\Users\espacegamers\IdeaProjects\Application-Full-Stack-de-Gestion-de-Projets\target\projet_full_stack_2-0.0.1-SNAPSHOT.jar started by espacegamers in C:\Users\espacegamers\IdeaProjects\Application-Full-Stack-de-Gestion-de-Projets)
2026-04-08T15:30:45.389+01:00  INFO 22620 --- [projet_full_stack_2] [           main] m.f.p.ProjetFullStack2Application        : No active profile set, falling back to 1 default profile: "default"
2026-04-08T15:30:46.928+01:00  INFO 22620 --- [projet_full_stack_2] [           main] .s.d.r.c.RepositoryConfigurationDelegate : Bootstrapping Spring Data JPA repositories in DEFAULT mode.
2026-04-08T15:30:47.045+01:00  INFO 22620 --- [projet_full_stack_2] [           main] .s.d.r.c.RepositoryConfigurationDelegate : Finished Spring Data repository scanning in 101 ms. Found 9 JPA repository interfaces.
2026-04-08T15:30:48.014+01:00  INFO 22620 --- [projet_full_stack_2] [           main] o.s.boot.tomcat.TomcatWebServer          : Tomcat initialized with port 8081 (http)
2026-04-08T15:30:48.040+01:00  INFO 22620 --- [projet_full_stack_2] [           main] o.apache.catalina.core.StandardService   : Starting service [Tomcat]
2026-04-08T15:30:48.041+01:00  INFO 22620 --- [projet_full_stack_2] [           main] o.apache.catalina.core.StandardEngine    : Starting Servlet engine: [Apache Tomcat/11.0.18]
2026-04-08T15:30:48.093+01:00  INFO 22620 --- [projet_full_stack_2] [           main] b.w.c.s.WebApplicationContextInitializer : Root WebApplicationContext: initialization completed in 2603 ms
2026-04-08T15:30:48.345+01:00  INFO 22620 --- [projet_full_stack_2] [           main] org.hibernate.orm.jpa                    : HHH008540: Processing PersistenceUnitInfo [name: default]
2026-04-08T15:30:48.432+01:00  INFO 22620 --- [projet_full_stack_2] [           main] org.hibernate.orm.core                   : HHH000001: Hibernate ORM core version 7.2.4.Final
2026-04-08T15:30:49.024+01:00  INFO 22620 --- [projet_full_stack_2] [           main] o.s.o.j.p.SpringPersistenceUnitInfo      : No LoadTimeWeaver setup: ignoring JPA class transformer
2026-04-08T15:30:49.061+01:00  INFO 22620 --- [projet_full_stack_2] [           main] com.zaxxer.hikari.HikariDataSource       : HikariPool-1 - Starting...
2026-04-08T15:30:49.290+01:00  INFO 22620 --- [projet_full_stack_2] [           main] com.zaxxer.hikari.pool.HikariPool        : HikariPool-1 - Added connection com.mysql.cj.jdbc.ConnectionImpl@4769537a
2026-04-08T15:30:49.296+01:00  INFO 22620 --- [projet_full_stack_2] [           main] com.zaxxer.hikari.HikariDataSource       : HikariPool-1 - Start completed.
2026-04-08T15:30:49.352+01:00  WARN 22620 --- [projet_full_stack_2] [           main] org.hibernate.orm.core                   : HHH000511: The 5.5.5 version for [org.hibernate.dialect.MySQLDialect] is no longer supported, hence certain features may not work properly.The minimum supported version is 8.0.0. Check the community dialects project for available legacy versions.
2026-04-08T15:30:49.376+01:00  INFO 22620 --- [projet_full_stack_2] [           main] org.hibernate.orm.connections.pooling    : HHH10001005: Database info:
	Database JDBC URL [jdbc:mysql://localhost:3306/Suivi_DB?createDatabaseIfNotExist=true&useSSL=false&serverTimezone=UTC]
	Database driver: MySQL Connector/J
	Database dialect: MySQLDialect
	Database version: 5.5.5
	Default catalog/schema: Suivi_DB/undefined
	Autocommit mode: undefined/unknown
	Isolation level: REPEATABLE_READ [default REPEATABLE_READ]
	JDBC fetch size: none
	Pool: DataSourceConnectionProvider
	Minimum pool size: undefined/unknown
	Maximum pool size: undefined/unknown
2026-04-08T15:30:50.504+01:00  INFO 22620 --- [projet_full_stack_2] [           main] org.hibernate.orm.core                   : HHH000489: No JTA platform available (set 'hibernate.transaction.jta.platform' to enable JTA platform integration)
2026-04-08T15:30:50.835+01:00  INFO 22620 --- [projet_full_stack_2] [           main] j.LocalContainerEntityManagerFactoryBean : Initialized JPA EntityManagerFactory for persistence unit 'default'
2026-04-08T15:30:50.930+01:00  INFO 22620 --- [projet_full_stack_2] [           main] o.s.d.j.r.query.QueryEnhancerFactories   : Hibernate is in classpath; If applicable, HQL parser will be used.
2026-04-08T15:30:51.793+01:00  WARN 22620 --- [projet_full_stack_2] [           main] JpaBaseConfiguration$JpaWebConfiguration : spring.jpa.open-in-view is enabled by default. Therefore, database queries may be performed during view rendering. Explicitly configure spring.jpa.open-in-view to disable this warning
2026-04-08T15:30:51.931+01:00  INFO 22620 --- [projet_full_stack_2] [           main] eAuthenticationProviderManagerConfigurer : Global AuthenticationManager configured with AuthenticationProvider bean with name authenticationProvider
2026-04-08T15:30:51.933+01:00  WARN 22620 --- [projet_full_stack_2] [           main] r$InitializeUserDetailsManagerConfigurer : Global AuthenticationManager configured with an AuthenticationProvider bean. UserDetailsService beans will not be used by Spring Security for automatically configuring username/password login. Consider removing the AuthenticationProvider bean. Alternatively, consider using the UserDetailsService in a manually instantiated DaoAuthenticationProvider. If the current configuration is intentional, to turn off this warning, increase the logging level of 'org.springframework.security.config.annotation.authentication.configuration.InitializeUserDetailsBeanManagerConfigurer' to ERROR
2026-04-08T15:30:52.906+01:00  INFO 22620 --- [projet_full_stack_2] [           main] o.s.boot.tomcat.TomcatWebServer          : Tomcat started on port 8081 (http) with context path '/'
2026-04-08T15:30:52.927+01:00  INFO 22620 --- [projet_full_stack_2] [           main] m.f.p.ProjetFullStack2Application        : Started ProjetFullStack2Application in 8.115 seconds (process running for 8.838)
Hibernate: 
    select
        p1_0.id,
        p1_0.code,
        p1_0.libelle 
    from
        profil p1_0 
    where
        p1_0.code=?
Hibernate: 
    select
        e1_0.id,
        e1_0.email,
        e1_0.login,
        e1_0.matricule,
        e1_0.nom,
        e1_0.password,
        e1_0.prenom,
        e1_0.profil_id,
        e1_0.telephone 
    from
        employe e1_0 
    where
        e1_0.login=?
Hibernate: 
    select
        p1_0.id,
        p1_0.code,
        p1_0.libelle 
    from
        profil p1_0 
    where
        p1_0.id=?
Hibernate: 
    select
        e1_0.id,
        e1_0.email,
        e1_0.login,
        e1_0.matricule,
        e1_0.nom,
        e1_0.password,
        e1_0.prenom,
        e1_0.profil_id,
        e1_0.telephone 
    from
        employe e1_0 
    where
        e1_0.login=?
Hibernate: 
    select
        p1_0.id,
        p1_0.code,
        p1_0.libelle 
    from
        profil p1_0 
    where
        p1_0.id=?
Hibernate: 
    select
        e1_0.id,
        e1_0.email,
        e1_0.login,
        e1_0.matricule,
        e1_0.nom,
        e1_0.password,
        e1_0.prenom,
        e1_0.profil_id,
        e1_0.telephone 
    from
        employe e1_0 
    where
        e1_0.login=?
Hibernate: 
    select
        p1_0.id,
        p1_0.code,
        p1_0.libelle 
    from
        profil p1_0 
    where
        p1_0.id=?
Hibernate: 
    select
        e1_0.id,
        e1_0.email,
        e1_0.login,
        e1_0.matricule,
        e1_0.nom,
        e1_0.password,
        e1_0.prenom,
        e1_0.profil_id,
        e1_0.telephone 
    from
        employe e1_0 
    where
        e1_0.login=?
Hibernate: 
    select
        p1_0.id,
        p1_0.code,
        p1_0.libelle 
    from
        profil p1_0 
    where
        p1_0.id=?
Hibernate: 
    select
        e1_0.id,
        e1_0.email,
        e1_0.login,
        e1_0.matricule,
        e1_0.nom,
        e1_0.password,
        e1_0.prenom,
        e1_0.profil_id,
        e1_0.telephone 
    from
        employe e1_0 
    where
        e1_0.login=?
Hibernate: 
    select
        p1_0.id,
        p1_0.code,
        p1_0.libelle 
    from
        profil p1_0 
    where
        p1_0.id=?
Hibernate: 
    select
        e1_0.id,
        e1_0.email,
        e1_0.login,
        e1_0.matricule,
        e1_0.nom,
        e1_0.password,
        e1_0.prenom,
        e1_0.profil_id,
        e1_0.telephone 
    from
        employe e1_0 
    where
        e1_0.login=?
Hibernate: 
    select
        p1_0.id,
        p1_0.code,
        p1_0.libelle 
    from
        profil p1_0 
    where
        p1_0.id=?
Hibernate: 
    select
        e1_0.id,
        e1_0.email,
        e1_0.login,
        e1_0.matricule,
        e1_0.nom,
        e1_0.password,
        e1_0.prenom,
        e1_0.profil_id,
        e1_0.telephone 
    from
        employe e1_0 
    where
        e1_0.login=?
Hibernate: 
    select
        p1_0.id,
        p1_0.code,
        p1_0.libelle 
    from
        profil p1_0 
    where
        p1_0.id=?
Hibernate: 
    select
        e1_0.id,
        e1_0.email,
        e1_0.login,
        e1_0.matricule,
        e1_0.nom,
        e1_0.password,
        e1_0.prenom,
        e1_0.profil_id,
        e1_0.telephone 
    from
        employe e1_0 
    where
        e1_0.login=?
Hibernate: 
    select
        p1_0.id,
        p1_0.code,
        p1_0.libelle 
    from
        profil p1_0 
    where
        p1_0.id=?
Hibernate: 
    select
        o1_0.id,
        o1_0.adresse,
        o1_0.code,
        o1_0.email_contact,
        o1_0.nom,
        o1_0.nom_contact,
        o1_0.site_web,
        o1_0.telephone 
    from
        organisme o1_0 
    where
        o1_0.code=?
Hibernate: 
    select
        o1_0.id,
        o1_0.adresse,
        o1_0.code,
        o1_0.email_contact,
        o1_0.nom,
        o1_0.nom_contact,
        o1_0.site_web,
        o1_0.telephone 
    from
        organisme o1_0 
    where
        o1_0.code=?
Hibernate: 
    select
        o1_0.id,
        o1_0.adresse,
        o1_0.code,
        o1_0.email_contact,
        o1_0.nom,
        o1_0.nom_contact,
        o1_0.site_web,
        o1_0.telephone 
    from
        organisme o1_0 
    where
        o1_0.code=?
Hibernate: 
    select
        e1_0.id,
        e1_0.email,
        e1_0.login,
        e1_0.matricule,
        e1_0.nom,
        e1_0.password,
        e1_0.prenom,
        e1_0.profil_id,
        e1_0.telephone 
    from
        employe e1_0 
    where
        e1_0.login=?
Hibernate: 
    select
        p1_0.id,
        p1_0.code,
        p1_0.libelle 
    from
        profil p1_0 
    where
        p1_0.id=?
Hibernate: 
    select
        e1_0.id,
        e1_0.email,
        e1_0.login,
        e1_0.matricule,
        e1_0.nom,
        e1_0.password,
        e1_0.prenom,
        e1_0.profil_id,
        e1_0.telephone 
    from
        employe e1_0 
    where
        e1_0.login=?
Hibernate: 
    select
        p1_0.id,
        p1_0.code,
        p1_0.libelle 
    from
        profil p1_0 
    where
        p1_0.id=?
Hibernate: 
    select
        e1_0.id,
        e1_0.email,
        e1_0.login,
        e1_0.matricule,
        e1_0.nom,
        e1_0.password,
        e1_0.prenom,
        e1_0.profil_id,
        e1_0.telephone 
    from
        employe e1_0 
    where
        e1_0.login=?
Hibernate: 
    select
        p1_0.id,
        p1_0.code,
        p1_0.libelle 
    from
        profil p1_0 
    where
        p1_0.id=?
2026-04-08T15:30:53.952+01:00  WARN 22620 --- [projet_full_stack_2] [           main] o.s.core.events.SpringDocAppInitializer  : SpringDoc /api-docs endpoint is enabled by default. To disable it in production, set the property 'springdoc.api-docs.enabled=false'
2026-04-08T15:30:53.953+01:00  WARN 22620 --- [projet_full_stack_2] [           main] o.s.core.events.SpringDocAppInitializer  : SpringDoc /swagger-ui.html endpoint is enabled by default. To disable it in production, set the property 'springdoc.swagger-ui.enabled=false'
2026-04-08T15:31:15.907+01:00  INFO 22620 --- [projet_full_stack_2] [nio-8081-exec-3] o.a.c.c.C.[Tomcat].[localhost].[/]       : Initializing Spring DispatcherServlet 'dispatcherServlet'
2026-04-08T15:31:15.908+01:00  INFO 22620 --- [projet_full_stack_2] [nio-8081-exec-3] o.s.web.servlet.DispatcherServlet        : Initializing Servlet 'dispatcherServlet'
2026-04-08T15:31:15.910+01:00  INFO 22620 --- [projet_full_stack_2] [nio-8081-exec-3] o.s.web.servlet.DispatcherServlet        : Completed initialization in 1 ms
2026-04-08T15:31:16.121+01:00  WARN 22620 --- [projet_full_stack_2] [nio-8081-exec-4] .w.s.m.s.DefaultHandlerExceptionResolver : Resolved [org.springframework.http.converter.HttpMessageNotReadableException: JSON parse error: Unexpected character ('l' (code 108)): was expecting double-quote to start property name]
2026-04-08T15:31:16.121+01:00  WARN 22620 --- [projet_full_stack_2] [nio-8081-exec-1] .w.s.m.s.DefaultHandlerExceptionResolver : Resolved [org.springframework.http.converter.HttpMessageNotReadableException: JSON parse error: Unexpected character ('l' (code 108)): was expecting double-quote to start property name]
2026-04-08T15:31:17.396+01:00  INFO 22620 --- [projet_full_stack_2] [nio-8081-exec-3] o.springdoc.api.AbstractOpenApiResource  : Init duration for springdoc-openapi is: 1405 ms
